xorriso 1.5.4 : RockRidge filesystem manipulator, libburnia project.

Drive current: -outdev 'stdio:/home/elliothb/github/bezos/install/bezos-limine.iso'
Media current: stdio file, overwriteable
Media status : is blank
Media summary: 0 sessions, 0 data blocks, 0 data,  213g free
Added to ISO image: directory '/'='/home/elliothb/github/bezos/install/limine/image'
xorriso : UPDATE :      12 files added in 1 seconds
xorriso : UPDATE :      12 files added in 1 seconds
ISO image produced: 4399 sectors
Written to medium : 4399 sectors at LBA 0
Writing to 'stdio:/home/elliothb/github/bezos/install/bezos-limine.iso' completed successfully.

Physical block size of 512 bytes.
Installing to GPT. Logical block size of 512 bytes.
Secondary header at LBA 0x44bb.
Secondary header valid.
GPT partition NOT specified. Attempting GPT embedding.
New maximum count of partition entries: 44.
Stage 2 to be located at 0x3e00 and 0x893400.
Reminder: Remember to copy the limine-bios.sys file in either
          the root, /boot, /limine, or /boot/limine directories of
          one of the partitions on the device, or boot will fail!
Limine BIOS stages installed successfully!
2+0 records in
2+0 records out
2097152 bytes (2.1 MB, 2.0 MiB) copied, 0.00176474 s, 1.2 GB/s
xorriso 1.5.4 : RockRidge filesystem manipulator, libburnia project.

Drive current: -outdev 'stdio:/home/elliothb/github/bezos/install/bezos-hyper.iso'
Media current: stdio file, overwriteable
Media status : is blank
Media summary: 0 sessions, 0 data blocks, 0 data,  213g free
Added to ISO image: directory '/'='/home/elliothb/github/bezos/install/hyper/image'
xorriso : UPDATE :       9 files added in 1 seconds
xorriso : UPDATE :       9 files added in 1 seconds
ISO image produced: 3702 sectors
Written to medium : 3702 sectors at LBA 0
Writing to 'stdio:/home/elliothb/github/bezos/install/bezos-hyper.iso' completed successfully.

